  main.c
C:\Users\goalo\OneDrive - postech.ac.kr\CodeWS\postech101_assignments\2018\2018-2-assn4\2018_2_101_assn4\main.c(91,1): warning C4996: 'scanf': This function or variable may be unsafe. Consider using scanf_s instead. To disable deprecation, use _CRT_SECURE_NO_WARNINGS. See online help for details.
C:\Program Files (x86)\Windows Kits\10\Include\10.0.18362.0\ucrt\stdio.h(1274): message : see declaration of 'scanf'
C:\Users\goalo\OneDrive - postech.ac.kr\CodeWS\postech101_assignments\2018\2018-2-assn4\2018_2_101_assn4\main.c(111,1): warning C4996: 'scanf': This function or variable may be unsafe. Consider using scanf_s instead. To disable deprecation, use _CRT_SECURE_NO_WARNINGS. See online help for details.
C:\Program Files (x86)\Windows Kits\10\Include\10.0.18362.0\ucrt\stdio.h(1274): message : see declaration of 'scanf'
C:\Users\goalo\OneDrive - postech.ac.kr\CodeWS\postech101_assignments\2018\2018-2-assn4\2018_2_101_assn4\main.c(151,20): warning C4133: 'function': incompatible types - from 'int [20]' to 'char *'
C:\Users\goalo\OneDrive - postech.ac.kr\CodeWS\postech101_assignments\2018\2018-2-assn4\2018_2_101_assn4\main.c(153,10): warning C4477: 'printf' : format string '%s' requires an argument of type 'char *', but variadic argument 1 has type 'int *'
C:\Users\goalo\OneDrive - postech.ac.kr\CodeWS\postech101_assignments\2018\2018-2-assn4\2018_2_101_assn4\main.c(143,1): warning C4996: 'scanf': This function or variable may be unsafe. Consider using scanf_s instead. To disable deprecation, use _CRT_SECURE_NO_WARNINGS. See online help for details.
C:\Program Files (x86)\Windows Kits\10\Include\10.0.18362.0\ucrt\stdio.h(1274): message : see declaration of 'scanf'
C:\Users\goalo\OneDrive - postech.ac.kr\CodeWS\postech101_assignments\2018\2018-2-assn4\2018_2_101_assn4\main.c(144,1): warning C4996: 'fopen': This function or variable may be unsafe. Consider using fopen_s instead. To disable deprecation, use _CRT_SECURE_NO_WARNINGS. See online help for details.
C:\Program Files (x86)\Windows Kits\10\Include\10.0.18362.0\ucrt\stdio.h(208): message : see declaration of 'fopen'
C:\Users\goalo\OneDrive - postech.ac.kr\CodeWS\postech101_assignments\2018\2018-2-assn4\2018_2_101_assn4\main.c(149,1): warning C4996: 'fscanf': This function or variable may be unsafe. Consider using fscanf_s instead. To disable deprecation, use _CRT_SECURE_NO_WARNINGS. See online help for details.
C:\Program Files (x86)\Windows Kits\10\Include\10.0.18362.0\ucrt\stdio.h(1197): message : see declaration of 'fscanf'
C:\Users\goalo\OneDrive - postech.ac.kr\CodeWS\postech101_assignments\2018\2018-2-assn4\2018_2_101_assn4\main.c(151,1): warning C4996: 'strcpy': This function or variable may be unsafe. Consider using strcpy_s instead. To disable deprecation, use _CRT_SECURE_NO_WARNINGS. See online help for details.
C:\Program Files (x86)\Windows Kits\10\Include\10.0.18362.0\ucrt\string.h(133): message : see declaration of 'strcpy'
C:\Users\goalo\OneDrive - postech.ac.kr\CodeWS\postech101_assignments\2018\2018-2-assn4\2018_2_101_assn4\main.c(166,1): warning C4996: 'strcpy': This function or variable may be unsafe. Consider using strcpy_s instead. To disable deprecation, use _CRT_SECURE_NO_WARNINGS. See online help for details.
C:\Program Files (x86)\Windows Kits\10\Include\10.0.18362.0\ucrt\string.h(133): message : see declaration of 'strcpy'
C:\Users\goalo\OneDrive - postech.ac.kr\CodeWS\postech101_assignments\2018\2018-2-assn4\2018_2_101_assn4\main.c(168,1): warning C4996: 'fscanf': This function or variable may be unsafe. Consider using fscanf_s instead. To disable deprecation, use _CRT_SECURE_NO_WARNINGS. See online help for details.
C:\Program Files (x86)\Windows Kits\10\Include\10.0.18362.0\ucrt\stdio.h(1197): message : see declaration of 'fscanf'
C:\Users\goalo\OneDrive - postech.ac.kr\CodeWS\postech101_assignments\2018\2018-2-assn4\2018_2_101_assn4\main.c(183,1): warning C4996: 'fscanf': This function or variable may be unsafe. Consider using fscanf_s instead. To disable deprecation, use _CRT_SECURE_NO_WARNINGS. See online help for details.
C:\Program Files (x86)\Windows Kits\10\Include\10.0.18362.0\ucrt\stdio.h(1197): message : see declaration of 'fscanf'
C:\Users\goalo\OneDrive - postech.ac.kr\CodeWS\postech101_assignments\2018\2018-2-assn4\2018_2_101_assn4\main.c(135,6): warning C4101: 'data': unreferenced local variable
C:\Users\goalo\OneDrive - postech.ac.kr\CodeWS\postech101_assignments\2018\2018-2-assn4\2018_2_101_assn4\main.c(200,1): warning C4996: 'sprintf': This function or variable may be unsafe. Consider using sprintf_s instead. To disable deprecation, use _CRT_SECURE_NO_WARNINGS. See online help for details.
C:\Program Files (x86)\Windows Kits\10\Include\10.0.18362.0\ucrt\stdio.h(1774): message : see declaration of 'sprintf'
C:\Users\goalo\OneDrive - postech.ac.kr\CodeWS\postech101_assignments\2018\2018-2-assn4\2018_2_101_assn4\main.c(232,1): warning C4996: 'scanf': This function or variable may be unsafe. Consider using scanf_s instead. To disable deprecation, use _CRT_SECURE_NO_WARNINGS. See online help for details.
C:\Program Files (x86)\Windows Kits\10\Include\10.0.18362.0\ucrt\stdio.h(1274): message : see declaration of 'scanf'
C:\Users\goalo\OneDrive - postech.ac.kr\CodeWS\postech101_assignments\2018\2018-2-assn4\2018_2_101_assn4\main.c(234,1): warning C4996: 'fopen': This function or variable may be unsafe. Consider using fopen_s instead. To disable deprecation, use _CRT_SECURE_NO_WARNINGS. See online help for details.
C:\Program Files (x86)\Windows Kits\10\Include\10.0.18362.0\ucrt\stdio.h(208): message : see declaration of 'fopen'
C:\Users\goalo\OneDrive - postech.ac.kr\CodeWS\postech101_assignments\2018\2018-2-assn4\2018_2_101_assn4\main.c(260,6): warning C4101: 'i': unreferenced local variable
C:\Users\goalo\OneDrive - postech.ac.kr\CodeWS\postech101_assignments\2018\2018-2-assn4\2018_2_101_assn4\main.c(288,1): warning C4996: 'strcpy': This function or variable may be unsafe. Consider using strcpy_s instead. To disable deprecation, use _CRT_SECURE_NO_WARNINGS. See online help for details.
C:\Program Files (x86)\Windows Kits\10\Include\10.0.18362.0\ucrt\string.h(133): message : see declaration of 'strcpy'
C:\Users\goalo\OneDrive - postech.ac.kr\CodeWS\postech101_assignments\2018\2018-2-assn4\2018_2_101_assn4\main.c(289,1): warning C4996: 'strcpy': This function or variable may be unsafe. Consider using strcpy_s instead. To disable deprecation, use _CRT_SECURE_NO_WARNINGS. See online help for details.
C:\Program Files (x86)\Windows Kits\10\Include\10.0.18362.0\ucrt\string.h(133): message : see declaration of 'strcpy'
C:\Users\goalo\OneDrive - postech.ac.kr\CodeWS\postech101_assignments\2018\2018-2-assn4\2018_2_101_assn4\main.c(293,1): warning C4996: 'sprintf': This function or variable may be unsafe. Consider using sprintf_s instead. To disable deprecation, use _CRT_SECURE_NO_WARNINGS. See online help for details.
C:\Program Files (x86)\Windows Kits\10\Include\10.0.18362.0\ucrt\stdio.h(1774): message : see declaration of 'sprintf'
C:\Users\goalo\OneDrive - postech.ac.kr\CodeWS\postech101_assignments\2018\2018-2-assn4\2018_2_101_assn4\main.c(285,12): warning C4101: 'k': unreferenced local variable
C:\Users\goalo\OneDrive - postech.ac.kr\CodeWS\postech101_assignments\2018\2018-2-assn4\2018_2_101_assn4\main.c(285,9): warning C4101: 'j': unreferenced local variable
C:\Users\goalo\OneDrive - postech.ac.kr\CodeWS\postech101_assignments\2018\2018-2-assn4\2018_2_101_assn4\main.c(285,6): warning C4101: 'i': unreferenced local variable
C:\Users\goalo\OneDrive - postech.ac.kr\CodeWS\postech101_assignments\2018\2018-2-assn4\2018_2_101_assn4\main.c(348,1): warning C4996: 'sprintf': This function or variable may be unsafe. Consider using sprintf_s instead. To disable deprecation, use _CRT_SECURE_NO_WARNINGS. See online help for details.
C:\Program Files (x86)\Windows Kits\10\Include\10.0.18362.0\ucrt\stdio.h(1774): message : see declaration of 'sprintf'
C:\Users\goalo\OneDrive - postech.ac.kr\CodeWS\postech101_assignments\2018\2018-2-assn4\2018_2_101_assn4\main.c(349,1): warning C4996: 'strcpy': This function or variable may be unsafe. Consider using strcpy_s instead. To disable deprecation, use _CRT_SECURE_NO_WARNINGS. See online help for details.
C:\Program Files (x86)\Windows Kits\10\Include\10.0.18362.0\ucrt\string.h(133): message : see declaration of 'strcpy'
  2018_2_101_assn4.vcxproj -> C:\Users\goalo\OneDrive - postech.ac.kr\CodeWS\postech101_assignments\2018\2018-2-assn4\Debug\2018_2_101_assn4.exe
