  assn2.c
c:\users\김승일\documents\visual studio 2015\projects\csed101_assn2\csed101_assn1\assn2.c(28): warning C4244: 'function': conversion from 'time_t' to 'unsigned int', possible loss of data
c:\users\김승일\documents\visual studio 2015\projects\csed101_assn2\csed101_assn1\assn2.c(56): warning C4996: 'scanf': This function or variable may be unsafe. Consider using scanf_s instead. To disable deprecation, use _CRT_SECURE_NO_WARNINGS. See online help for details.
  c:\program files (x86)\windows kits\10\include\10.0.17763.0\ucrt\stdio.h(1274): note: see declaration of 'scanf'
c:\users\김승일\documents\visual studio 2015\projects\csed101_assn2\csed101_assn1\assn2.c(92): warning C4996: 'scanf': This function or variable may be unsafe. Consider using scanf_s instead. To disable deprecation, use _CRT_SECURE_NO_WARNINGS. See online help for details.
  c:\program files (x86)\windows kits\10\include\10.0.17763.0\ucrt\stdio.h(1274): note: see declaration of 'scanf'
c:\users\김승일\documents\visual studio 2015\projects\csed101_assn2\csed101_assn1\assn2.c(188): warning C4013: 'win_lose_draw' undefined; assuming extern returning int
c:\users\김승일\documents\visual studio 2015\projects\csed101_assn2\csed101_assn1\assn2.c(108): warning C4996: 'scanf': This function or variable may be unsafe. Consider using scanf_s instead. To disable deprecation, use _CRT_SECURE_NO_WARNINGS. See online help for details.
  c:\program files (x86)\windows kits\10\include\10.0.17763.0\ucrt\stdio.h(1274): note: see declaration of 'scanf'
c:\users\김승일\documents\visual studio 2015\projects\csed101_assn2\csed101_assn1\assn2.c(137): warning C4996: 'scanf': This function or variable may be unsafe. Consider using scanf_s instead. To disable deprecation, use _CRT_SECURE_NO_WARNINGS. See online help for details.
  c:\program files (x86)\windows kits\10\include\10.0.17763.0\ucrt\stdio.h(1274): note: see declaration of 'scanf'
c:\users\김승일\documents\visual studio 2015\projects\csed101_assn2\csed101_assn1\assn2.c(158): warning C4996: 'scanf': This function or variable may be unsafe. Consider using scanf_s instead. To disable deprecation, use _CRT_SECURE_NO_WARNINGS. See online help for details.
  c:\program files (x86)\windows kits\10\include\10.0.17763.0\ucrt\stdio.h(1274): note: see declaration of 'scanf'
c:\users\김승일\documents\visual studio 2015\projects\csed101_assn2\csed101_assn1\assn2.c(161): warning C4996: 'scanf': This function or variable may be unsafe. Consider using scanf_s instead. To disable deprecation, use _CRT_SECURE_NO_WARNINGS. See online help for details.
  c:\program files (x86)\windows kits\10\include\10.0.17763.0\ucrt\stdio.h(1274): note: see declaration of 'scanf'
c:\users\김승일\documents\visual studio 2015\projects\csed101_assn2\csed101_assn1\assn2.c(235): warning C4244: 'function': conversion from 'double' to 'int', possible loss of data
c:\users\김승일\documents\visual studio 2015\projects\csed101_assn2\csed101_assn1\assn2.c(237): warning C4244: 'function': conversion from 'double' to 'int', possible loss of data
c:\users\김승일\documents\visual studio 2015\projects\csed101_assn2\csed101_assn1\assn2.c(235): warning C4244: 'initializing': conversion from 'double' to 'const int', possible loss of data
c:\users\김승일\documents\visual studio 2015\projects\csed101_assn2\csed101_assn1\assn2.c(237): warning C4244: 'initializing': conversion from 'double' to 'const int', possible loss of data
c:\users\김승일\documents\visual studio 2015\projects\csed101_assn2\csed101_assn1\assn2.c(229): warning C4101: 'i': unreferenced local variable
c:\users\김승일\documents\visual studio 2015\projects\csed101_assn2\csed101_assn1\assn2.c(422): warning C4129: '%': unrecognized character escape sequence
  csed101_assn1.vcxproj -> C:\Users\김승일\Documents\Visual Studio 2015\Projects\csed101_assn2\Debug\csed101_assn1.exe
