  minhye.c
c:\users\김승일\documents\visual studio 2015\projects\assn_3\assn_3\minhye.c(24): warning C4996: 'scanf': This function or variable may be unsafe. Consider using scanf_s instead. To disable deprecation, use _CRT_SECURE_NO_WARNINGS. See online help for details.
  c:\program files (x86)\windows kits\10\include\10.0.10240.0\ucrt\stdio.h(1270): note: see declaration of 'scanf'
c:\users\김승일\documents\visual studio 2015\projects\assn_3\assn_3\minhye.c(47): warning C4996: 'fopen': This function or variable may be unsafe. Consider using fopen_s instead. To disable deprecation, use _CRT_SECURE_NO_WARNINGS. See online help for details.
  c:\program files (x86)\windows kits\10\include\10.0.10240.0\ucrt\stdio.h(205): note: see declaration of 'fopen'
c:\users\김승일\documents\visual studio 2015\projects\assn_3\assn_3\minhye.c(54): warning C4996: 'fscanf': This function or variable may be unsafe. Consider using fscanf_s instead. To disable deprecation, use _CRT_SECURE_NO_WARNINGS. See online help for details.
  c:\program files (x86)\windows kits\10\include\10.0.10240.0\ucrt\stdio.h(1193): note: see declaration of 'fscanf'
c:\users\김승일\documents\visual studio 2015\projects\assn_3\assn_3\minhye.c(56): warning C4996: 'fscanf': This function or variable may be unsafe. Consider using fscanf_s instead. To disable deprecation, use _CRT_SECURE_NO_WARNINGS. See online help for details.
  c:\program files (x86)\windows kits\10\include\10.0.10240.0\ucrt\stdio.h(1193): note: see declaration of 'fscanf'
c:\users\김승일\documents\visual studio 2015\projects\assn_3\assn_3\minhye.c(37): warning C4101: 'nophi': unreferenced local variable
c:\users\김승일\documents\visual studio 2015\projects\assn_3\assn_3\minhye.c(37): warning C4101: 'jul': unreferenced local variable
c:\users\김승일\documents\visual studio 2015\projects\assn_3\assn_3\minhye.c(161): warning C4553: '==': operator has no effect; did you intend '='?
c:\users\김승일\documents\visual studio 2015\projects\assn_3\assn_3\minhye.c(167): warning C4553: '==': operator has no effect; did you intend '='?
c:\users\김승일\documents\visual studio 2015\projects\assn_3\assn_3\minhye.c(173): warning C4553: '==': operator has no effect; did you intend '='?
c:\users\김승일\documents\visual studio 2015\projects\assn_3\assn_3\minhye.c(197): warning C4553: '==': operator has no effect; did you intend '='?
c:\users\김승일\documents\visual studio 2015\projects\assn_3\assn_3\minhye.c(203): warning C4553: '==': operator has no effect; did you intend '='?
c:\users\김승일\documents\visual studio 2015\projects\assn_3\assn_3\minhye.c(209): warning C4553: '==': operator has no effect; did you intend '='?
c:\users\김승일\documents\visual studio 2015\projects\assn_3\assn_3\minhye.c(234): warning C4553: '==': operator has no effect; did you intend '='?
c:\users\김승일\documents\visual studio 2015\projects\assn_3\assn_3\minhye.c(240): warning C4553: '==': operator has no effect; did you intend '='?
c:\users\김승일\documents\visual studio 2015\projects\assn_3\assn_3\minhye.c(246): warning C4553: '==': operator has no effect; did you intend '='?
c:\users\김승일\documents\visual studio 2015\projects\assn_3\assn_3\minhye.c(270): warning C4553: '==': operator has no effect; did you intend '='?
c:\users\김승일\documents\visual studio 2015\projects\assn_3\assn_3\minhye.c(276): warning C4553: '==': operator has no effect; did you intend '='?
c:\users\김승일\documents\visual studio 2015\projects\assn_3\assn_3\minhye.c(282): warning C4553: '==': operator has no effect; did you intend '='?
c:\users\김승일\documents\visual studio 2015\projects\assn_3\assn_3\minhye.c(306): warning C4553: '==': operator has no effect; did you intend '='?
c:\users\김승일\documents\visual studio 2015\projects\assn_3\assn_3\minhye.c(312): warning C4553: '==': operator has no effect; did you intend '='?
c:\users\김승일\documents\visual studio 2015\projects\assn_3\assn_3\minhye.c(318): warning C4553: '==': operator has no effect; did you intend '='?
c:\users\김승일\documents\visual studio 2015\projects\assn_3\assn_3\minhye.c(138): warning C4715: 'LoadLadder': not all control paths return a value
c:\users\김승일\documents\visual studio 2015\projects\assn_3\assn_3\minhye.c(347): warning C4716: 'findway': must return a value
  assn_3.vcxproj -> C:\Users\김승일\Documents\Visual Studio 2015\Projects\assn_3\Debug\assn_3.exe
  assn_3.vcxproj -> C:\Users\김승일\Documents\Visual Studio 2015\Projects\assn_3\Debug\assn_3.pdb (Full PDB)
